{
  "stats": {
    "suites": 1,
    "tests": 1,
    "passes": 1,
    "pending": 0,
    "failures": 0,
    "start": "2023-12-07T01:44:21.747Z",
    "end": "2023-12-07T01:44:37.682Z",
    "duration": 15935,
    "testsRegistered": 1,
    "passPercent": 100,
    "pendingPercent": 0,
    "other": 0,
    "hasOther": false,
    "skipped": 0,
    "hasSkipped": false
  },
  "results": [
    {
      "uuid": "ef78eaf4-a7e3-408a-a9f9-67affbe805fe",
      "title": "",
      "fullFile": "C:\\Users\\Luis\\Desktop\\Selenium-JS\\tests\\login.spec.js",
      "file": "\\tests\\login.spec.js",
      "beforeHooks": [],
      "afterHooks": [],
      "tests": [],
      "suites": [
        {
          "uuid": "0429c58b-d109-4054-9c77-8c666ab473a2",
          "title": "Login",
          "fullFile": "C:\\Users\\Luis\\Desktop\\Selenium-JS\\tests\\login.spec.js",
          "file": "\\tests\\login.spec.js",
          "beforeHooks": [],
          "afterHooks": [],
          "tests": [
            {
              "title": "Login with standard_user credentials",
              "fullTitle": "Login Login with standard_user credentials",
              "timedOut": false,
              "duration": 15923,
              "state": "passed",
              "speed": "slow",
              "pass": true,
              "fail": false,
              "pending": false,
              "context": null,
              "code": "let driver = new Builder().forBrowser('chrome').build();\nawait driver.get('http://127.0.0.1:5501/register.html')\nawait driver.findElement(By.id('exampleFirstName')).sendKeys('test')\nawait driver.findElement(By.id('exampleLastName')).sendKeys('test')\nawait driver.findElement(By.id('exampleInputEmail')).sendKeys('test@gmail.com')\nawait driver.findElement(By.css('#exampleInputPassword')).sendKeys('1234567')\nawait driver.findElement(By.css('#exampleRepeatPassword')).sendKeys('1234567')\nawait driver.findElement(By.css('#clickbutton')).click();\nawait driver.get('http://127.0.0.1:5501/login.html')\nawait driver.findElement(By.id('exampleInputEmail')).sendKeys('test@gmail.com')\nawait driver.findElement(By.css('#exampleInputPassword')).sendKeys('1234567')\nawait driver.findElement(By.css('#clickbutton')).click();\nawait driver.get('http://127.0.0.1:5501/index.html')\nawait driver.findElement(By.css('#userDropdown')).click();\nawait driver.findElement(By.css('#userdslir')).click();\nawait driver.sleep(5000)\nawait driver.quit();",
              "err": {},
              "uuid": "6d24e9f7-b140-4534-afd5-498a8a8059d0",
              "parentUUID": "0429c58b-d109-4054-9c77-8c666ab473a2",
              "isHook": false,
              "skipped": false
            }
          ],
          "suites": [],
          "passes": [
            "6d24e9f7-b140-4534-afd5-498a8a8059d0"
          ],
          "failures": [],
          "pending": [],
          "skipped": [],
          "duration": 15923,
          "root": false,
          "rootEmpty": false,
          "_timeout": 0
        }
      ],
      "passes": [],
      "failures": [],
      "pending": [],
      "skipped": [],
      "duration": 0,
      "root": true,
      "rootEmpty": true,
      "_timeout": 0
    }
  ],
  "meta": {
    "mocha": {
      "version": "10.2.0"
    },
    "mochawesome": {
      "options": {
        "quiet": false,
        "reportFilename": "ReporteLoginSelenium",
        "saveHtml": true,
        "saveJson": true,
        "consoleReporter": "spec",
        "useInlineDiffs": false,
        "code": true
      },
      "version": "7.1.3"
    },
    "marge": {
      "options": {
        "reportDir": "C:/Users/Luis/Desktop/Selenium-JS/mochawesome-report",
        "reportFilename": "ReporteLoginSelenium",
        "overwrite": "true"
      },
      "version": "6.2.0"
    }
  }
}